
ROM used:   253/8192 (3%)
            253/8192 (3%) including unused fragments

            0.3 Average locations per line
            5.2 Average locations per statement

RAM used:   15/368 (4%) at main() level
            18/368 (5%) worst case

Stack used: 3 worst case (1 in main + 2 for interrupts)
Stack size: 8

Lines Stmts  %   Files
----- ----- ---  -----
   93    49 100  ..\main.c
  707     0   0  D:\compiler\devices\16F877A.h
----- -----
  800    49 Total

Page ROM  %  RAM    Vol Diff  Functions:
---- --- --- ---    --- ----  ----------
0     21   8    1             @delay_ms1
0     17   7    0     76  1.6  stand_by
0     19   8    0     76  1.6  open
0     17   7    0     76  1.6  close
0     49  19    2    303  4.1  trata_ext
0     83  33    2    570  4.3  MAIN
 Inline         0             @cinit1

Program metrics:
    Functions               5
    Statements              49
    Comments                164
    Volume (V)              1540
    Difficulty (D)          13.2
    Effort to implement (E) 20360
    Time to implement (T)   19 minutes
    Est Delivered Bugs (B)  0
    Cyclomatic Complexity   2
    Maintainability (MI)    130

 Segment     Used  Free
-----------  ----  ----
00000-00003     4  0  
00004-0002E    43  0  
0002F-007FF   206  1795  
00800-00FFF     0  2048  
01000-017FF     0  2048  
01800-01FFF     0  2048  



